0 info it worked if it ends with ok
1 verbose cli [ 'node', '/usr/local/bin/npm', 'install', 'stylus' ]
2 info using npm@1.4.28
3 info using node@v0.10.36
4 verbose cache add [ 'stylus', null ]
5 verbose cache add name=undefined spec="stylus" args=["stylus",null]
6 verbose parsed url { protocol: null,
6 verbose parsed url   slashes: null,
6 verbose parsed url   auth: null,
6 verbose parsed url   host: null,
6 verbose parsed url   port: null,
6 verbose parsed url   hostname: null,
6 verbose parsed url   hash: null,
6 verbose parsed url   search: null,
6 verbose parsed url   query: null,
6 verbose parsed url   pathname: 'stylus',
6 verbose parsed url   path: 'stylus',
6 verbose parsed url   href: 'stylus' }
7 silly lockFile 27c0f414-stylus stylus
8 verbose lock stylus /Users/David/.npm/27c0f414-stylus.lock
9 silly lockFile 27c0f414-stylus stylus
10 silly lockFile 27c0f414-stylus stylus
11 verbose addNamed [ 'stylus', '' ]
12 verbose addNamed [ null, '*' ]
13 silly lockFile 5140332e-stylus stylus@
14 verbose lock stylus@ /Users/David/.npm/5140332e-stylus.lock
15 silly addNameRange { name: 'stylus', range: '*', hasData: false }
16 verbose request where is /stylus
17 verbose request registry https://registry.npmjs.org/
18 verbose request id 0d67c2f7385f0c16
19 verbose url raw /stylus
20 verbose url resolving [ 'https://registry.npmjs.org/', './stylus' ]
21 verbose url resolved https://registry.npmjs.org/stylus
22 verbose request where is https://registry.npmjs.org/stylus
23 info trying registry request attempt 1 at 00:51:51
24 verbose etag "1536QMUDZXZ3AKREEZSM27ADS"
25 http GET https://registry.npmjs.org/stylus
26 http 200 https://registry.npmjs.org/stylus
27 silly registry.get cb [ 200,
27 silly registry.get   { server: 'CouchDB/1.5.0 (Erlang OTP/R16B03)',
27 silly registry.get     etag: '"790LCRSP5DEN4E7XPG09P5EEP"',
27 silly registry.get     'content-type': 'application/json',
27 silly registry.get     'cache-control': 'max-age=60',
27 silly registry.get     'content-length': '181238',
27 silly registry.get     'accept-ranges': 'bytes',
27 silly registry.get     date: 'Mon, 01 Jun 2015 22:51:51 GMT',
27 silly registry.get     via: '1.1 varnish',
27 silly registry.get     age: '50',
27 silly registry.get     connection: 'keep-alive',
27 silly registry.get     'x-served-by': 'cache-fra1246-FRA',
27 silly registry.get     'x-cache': 'HIT',
27 silly registry.get     'x-cache-hits': '1',
27 silly registry.get     'x-timer': 'S1433199111.392689,VS0,VE1',
27 silly registry.get     vary: 'Accept' } ]
28 silly addNameRange number 2 { name: 'stylus', range: '*', hasData: true }
29 silly addNameRange versions [ 'stylus',
29 silly addNameRange   [ '0.0.1',
29 silly addNameRange     '0.0.2',
29 silly addNameRange     '0.1.0',
29 silly addNameRange     '0.2.0',
29 silly addNameRange     '0.2.1',
29 silly addNameRange     '0.3.0',
29 silly addNameRange     '0.3.1',
29 silly addNameRange     '0.4.0',
29 silly addNameRange     '0.4.1',
29 silly addNameRange     '0.5.0',
29 silly addNameRange     '0.5.1',
29 silly addNameRange     '0.5.2',
29 silly addNameRange     '0.5.3',
29 silly addNameRange     '0.6.0',
29 silly addNameRange     '0.6.2',
29 silly addNameRange     '0.6.3',
29 silly addNameRange     '0.6.4',
29 silly addNameRange     '0.6.5',
29 silly addNameRange     '0.6.6',
29 silly addNameRange     '0.6.7',
29 silly addNameRange     '0.7.0',
29 silly addNameRange     '0.7.1',
29 silly addNameRange     '0.7.2',
29 silly addNameRange     '0.7.3',
29 silly addNameRange     '0.7.4',
29 silly addNameRange     '0.8.0',
29 silly addNameRange     '0.9.0',
29 silly addNameRange     '0.9.1',
29 silly addNameRange     '0.9.2',
29 silly addNameRange     '0.10.0',
29 silly addNameRange     '0.11.0',
29 silly addNameRange     '0.11.1',
29 silly addNameRange     '0.11.2',
29 silly addNameRange     '0.11.3',
29 silly addNameRange     '0.11.4',
29 silly addNameRange     '0.11.5',
29 silly addNameRange     '0.11.6',
29 silly addNameRange     '0.11.7',
29 silly addNameRange     '0.11.8',
29 silly addNameRange     '0.11.9',
29 silly addNameRange     '0.11.10',
29 silly addNameRange     '0.11.11',
29 silly addNameRange     '0.11.12',
29 silly addNameRange     '0.12.0',
29 silly addNameRange     '0.12.1',
29 silly addNameRange     '0.12.2',
29 silly addNameRange     '0.12.3',
29 silly addNameRange     '0.12.4',
29 silly addNameRange     '0.13.0',
29 silly addNameRange     '0.13.1',
29 silly addNameRange     '0.13.2',
29 silly addNameRange     '0.13.3',
29 silly addNameRange     '0.13.4',
29 silly addNameRange     '0.13.5',
29 silly addNameRange     '0.13.6',
29 silly addNameRange     '0.13.7',
29 silly addNameRange     '0.13.8',
29 silly addNameRange     '0.13.9',
29 silly addNameRange     '0.14.0',
29 silly addNameRange     '0.15.0',
29 silly addNameRange     '0.15.1',
29 silly addNameRange     '0.15.2',
29 silly addNameRange     '0.15.3',
29 silly addNameRange     '0.15.4',
29 silly addNameRange     '0.16.0',
29 silly addNameRange     '0.17.0',
29 silly addNameRange     '0.18.0',
29 silly addNameRange     '0.19.0',
29 silly addNameRange     '0.19.1',
29 silly addNameRange     '0.19.2',
29 silly addNameRange     '0.19.3',
29 silly addNameRange     '0.19.4',
29 silly addNameRange     '0.19.5',
29 silly addNameRange     '0.19.6',
29 silly addNameRange     '0.19.7',
29 silly addNameRange     '0.19.8',
29 silly addNameRange     '0.20.0',
29 silly addNameRange     '0.20.1',
29 silly addNameRange     '0.21.0',
29 silly addNameRange     '0.21.1',
29 silly addNameRange     '0.21.2',
29 silly addNameRange     '0.22.0',
29 silly addNameRange     '0.22.1',
29 silly addNameRange     '0.22.2',
29 silly addNameRange     '0.22.3',
29 silly addNameRange     '0.22.4',
29 silly addNameRange     '0.22.5',
29 silly addNameRange     '0.22.6',
29 silly addNameRange     '0.23.0',
29 silly addNameRange     '0.24.0',
29 silly addNameRange     '0.25.0',
29 silly addNameRange     '0.26.0',
29 silly addNameRange     '0.26.1',
29 silly addNameRange     '0.27.0',
29 silly addNameRange     '0.27.1',
29 silly addNameRange     '0.27.2',
29 silly addNameRange     '0.28.0',
29 silly addNameRange     '0.28.1',
29 silly addNameRange     '0.28.2',
29 silly addNameRange     '0.29.0',
29 silly addNameRange     '0.30.0',
29 silly addNameRange     '0.30.1',
29 silly addNameRange     '0.31.0',
29 silly addNameRange     '0.32.0',
29 silly addNameRange     '0.32.1',
29 silly addNameRange     '0.33.0',
29 silly addNameRange     '0.33.1',
29 silly addNameRange     '0.34.0',
29 silly addNameRange     '0.34.1',
29 silly addNameRange     '0.35.0',
29 silly addNameRange     '0.35.1',
29 silly addNameRange     '0.36.0',
29 silly addNameRange     '0.36.1',
29 silly addNameRange     '0.37.0',
29 silly addNameRange     '0.38.0',
29 silly addNameRange     '0.39.0',
29 silly addNameRange     '0.39.1',
29 silly addNameRange     '0.39.2',
29 silly addNameRange     '0.39.3',
29 silly addNameRange     '0.39.4',
29 silly addNameRange     '0.40.0',
29 silly addNameRange     '0.40.1',
29 silly addNameRange     '0.40.2',
29 silly addNameRange     '0.40.3',
29 silly addNameRange     '0.41.0',
29 silly addNameRange     '0.41.1',
29 silly addNameRange     '0.41.2',
29 silly addNameRange     '0.41.3',
29 silly addNameRange     '0.42.0',
29 silly addNameRange     '0.42.1',
29 silly addNameRange     '0.42.2',
29 silly addNameRange     '0.42.3',
29 silly addNameRange     '0.43.0',
29 silly addNameRange     '0.44.0-beta',
29 silly addNameRange     '0.43.1',
29 silly addNameRange     '0.44.0-beta2',
29 silly addNameRange     '0.44.0-beta3',
29 silly addNameRange     '0.44.0',
29 silly addNameRange     '0.45.0',
29 silly addNameRange     '0.45.1',
29 silly addNameRange     '0.46.0',
29 silly addNameRange     '0.46.1',
29 silly addNameRange     '0.46.2',
29 silly addNameRange     '0.46.3',
29 silly addNameRange     '0.47.0',
29 silly addNameRange     '0.47.1',
29 silly addNameRange     '0.47.2',
29 silly addNameRange     '0.47.3',
29 silly addNameRange     '0.48.0',
29 silly addNameRange     '0.48.1',
29 silly addNameRange     '0.49.0',
29 silly addNameRange     '0.49.1',
29 silly addNameRange     '0.49.2',
29 silly addNameRange     '0.49.3',
29 silly addNameRange     '0.50.0',
29 silly addNameRange     '0.51.0',
29 silly addNameRange     '0.51.1' ] ]
30 verbose addNamed [ 'stylus', '0.51.1' ]
31 verbose addNamed [ '0.51.1', '0.51.1' ]
32 silly lockFile a5093493-stylus-0-51-1 stylus@0.51.1
33 verbose lock stylus@0.51.1 /Users/David/.npm/a5093493-stylus-0-51-1.lock
34 silly lockFile 874d7324-mjs-org-stylus-stylus-0-51-1-tgz https://registry.npmjs.org/stylus/-/stylus-0.51.1.tgz
35 verbose lock https://registry.npmjs.org/stylus/-/stylus-0.51.1.tgz /Users/David/.npm/874d7324-mjs-org-stylus-stylus-0-51-1-tgz.lock
36 verbose addRemoteTarball [ 'https://registry.npmjs.org/stylus/-/stylus-0.51.1.tgz',
36 verbose addRemoteTarball   'd75c405c1d87d5e00ca5758d311cd79360f0fb99' ]
37 info retry fetch attempt 1 at 00:51:51
38 verbose fetch to= /var/folders/lz/msd6pwsx3_39wyqpjs9zfgvm0000gn/T/npm-37409-2gF4pC1H/registry.npmjs.org/stylus/-/stylus-0.51.1.tgz
39 http GET https://registry.npmjs.org/stylus/-/stylus-0.51.1.tgz
40 http 200 https://registry.npmjs.org/stylus/-/stylus-0.51.1.tgz
41 silly lockFile 874d7324-mjs-org-stylus-stylus-0-51-1-tgz https://registry.npmjs.org/stylus/-/stylus-0.51.1.tgz
42 silly lockFile 874d7324-mjs-org-stylus-stylus-0-51-1-tgz https://registry.npmjs.org/stylus/-/stylus-0.51.1.tgz
43 silly lockFile a5093493-stylus-0-51-1 stylus@0.51.1
44 silly lockFile a5093493-stylus-0-51-1 stylus@0.51.1
45 silly lockFile 5140332e-stylus stylus@
46 silly lockFile 5140332e-stylus stylus@
47 error Error: EACCES, mkdir '/Users/David/.npm/stylus/0.51.1'
47 error  { [Error: EACCES, mkdir '/Users/David/.npm/stylus/0.51.1']
47 error   errno: 3,
47 error   code: 'EACCES',
47 error   path: '/Users/David/.npm/stylus/0.51.1' }
48 error Please try running this command again as root/Administrator.
49 error System Darwin 14.3.0
50 error command "node" "/usr/local/bin/npm" "install" "stylus"
51 error cwd /Users/David/Documents/MuseScoreAPI
52 error node -v v0.10.36
53 error npm -v 1.4.28
54 error path /Users/David/.npm/stylus/0.51.1
55 error code EACCES
56 error errno 3
57 error stack Error: EACCES, mkdir '/Users/David/.npm/stylus/0.51.1'
58 verbose exit [ 3, true ]
